<?xml version="1.0" encoding="UTF-8"?>
<!-- Generated by org.testng.reporters.JUnitXMLReporter -->
<testsuite ignored="0" hostname="b9deab078a0f5d7" failures="0" tests="5" name="Selenium Tests" time="49.566" errors="0" timestamp="2026-06-12T14:41:27 IST">
  <testcase classname="Testcases.CartTest" name="verifyAddToCart" time="8.156"/>
  <testcase classname="Testcases.CartTest" name="verifyQuantityNegativeValue" time="5.223"/>
  <testcase classname="Testcases.CartTest" name="verifyUpdateQuantity" time="4.282"/>
  <testcase classname="Testcases.WishlistTest" name="verifyAddToWishlist" time="5.933"/>
  <testcase classname="Testcases.WishlistTest" name="verifyWishlistToCart" time="5.081"/>
</testsuite> <!-- Selenium Tests -->
