<?xml version="1.0" encoding="UTF-8"?>
<testng-results ignored="0" total="5" passed="5" failed="0" skipped="0">
  <reporter-output>
  </reporter-output>
  <suite started-at="2026-06-12T14:40:37 IST" name="Suite1" finished-at="2026-06-12T14:41:27 IST" duration-ms="49566">
    <groups>
    </groups>
    <test started-at="2026-06-12T14:40:37 IST" name="Selenium Tests" finished-at="2026-06-12T14:41:27 IST" duration-ms="49566">
      <class name="Testcases.CartTest">
        <test-method is-config="true" signature="init()[pri:0, instance:Testcases.CartTest@776aec5c]" started-at="2026-06-12T14:40:37 IST" name="init" finished-at="2026-06-12T14:40:41 IST" duration-ms="4253" status="PASS">
          <reporter-output>
          </reporter-output>
        </test-method> <!-- init -->
        <test-method signature="verifyAddToCart()[pri:0, instance:Testcases.CartTest@776aec5c]" started-at="2026-06-12T14:40:41 IST" name="verifyAddToCart" finished-at="2026-06-12T14:40:50 IST" duration-ms="8156" status="PASS">
          <reporter-output>
          </reporter-output>
        </test-method> <!-- verifyAddToCart -->
        <test-method is-config="true" signature="close()[pri:0, instance:Testcases.CartTest@776aec5c]" started-at="2026-06-12T14:40:50 IST" name="close" finished-at="2026-06-12T14:40:50 IST" duration-ms="214" status="PASS">
          <reporter-output>
          </reporter-output>
        </test-method> <!-- close -->
        <test-method is-config="true" signature="init()[pri:0, instance:Testcases.CartTest@776aec5c]" started-at="2026-06-12T14:40:50 IST" name="init" finished-at="2026-06-12T14:40:53 IST" duration-ms="3476" status="PASS">
          <reporter-output>
          </reporter-output>
        </test-method> <!-- init -->
        <test-method signature="verifyQuantityNegativeValue()[pri:0, instance:Testcases.CartTest@776aec5c]" started-at="2026-06-12T14:40:53 IST" name="verifyQuantityNegativeValue" finished-at="2026-06-12T14:40:59 IST" duration-ms="5223" status="PASS">
          <reporter-output>
          </reporter-output>
        </test-method> <!-- verifyQuantityNegativeValue -->
        <test-method is-config="true" signature="close()[pri:0, instance:Testcases.CartTest@776aec5c]" started-at="2026-06-12T14:40:59 IST" name="close" finished-at="2026-06-12T14:40:59 IST" duration-ms="169" status="PASS">
          <reporter-output>
          </reporter-output>
        </test-method> <!-- close -->
        <test-method is-config="true" signature="init()[pri:0, instance:Testcases.CartTest@776aec5c]" started-at="2026-06-12T14:40:59 IST" name="init" finished-at="2026-06-12T14:41:02 IST" duration-ms="3422" status="PASS">
          <reporter-output>
          </reporter-output>
        </test-method> <!-- init -->
        <test-method signature="verifyUpdateQuantity()[pri:0, instance:Testcases.CartTest@776aec5c]" started-at="2026-06-12T14:41:02 IST" name="verifyUpdateQuantity" finished-at="2026-06-12T14:41:06 IST" duration-ms="4282" status="PASS">
          <reporter-output>
          </reporter-output>
        </test-method> <!-- verifyUpdateQuantity -->
        <test-method is-config="true" signature="close()[pri:0, instance:Testcases.CartTest@776aec5c]" started-at="2026-06-12T14:41:06 IST" name="close" finished-at="2026-06-12T14:41:07 IST" duration-ms="179" status="PASS">
          <reporter-output>
          </reporter-output>
        </test-method> <!-- close -->
      </class> <!-- Testcases.CartTest -->
      <class name="Testcases.WishlistTest">
        <test-method is-config="true" signature="init()[pri:0, instance:Testcases.WishlistTest@1a677343]" started-at="2026-06-12T14:41:07 IST" name="init" finished-at="2026-06-12T14:41:11 IST" duration-ms="4142" status="PASS">
          <reporter-output>
          </reporter-output>
        </test-method> <!-- init -->
        <test-method signature="verifyAddToWishlist()[pri:0, instance:Testcases.WishlistTest@1a677343]" started-at="2026-06-12T14:41:11 IST" name="verifyAddToWishlist" finished-at="2026-06-12T14:41:17 IST" duration-ms="5933" status="PASS">
          <reporter-output>
          </reporter-output>
        </test-method> <!-- verifyAddToWishlist -->
        <test-method is-config="true" signature="close()[pri:0, instance:Testcases.WishlistTest@1a677343]" started-at="2026-06-12T14:41:17 IST" name="close" finished-at="2026-06-12T14:41:17 IST" duration-ms="201" status="PASS">
          <reporter-output>
          </reporter-output>
        </test-method> <!-- close -->
        <test-method is-config="true" signature="init()[pri:0, instance:Testcases.WishlistTest@1a677343]" started-at="2026-06-12T14:41:17 IST" name="init" finished-at="2026-06-12T14:41:21 IST" duration-ms="4569" status="PASS">
          <reporter-output>
          </reporter-output>
        </test-method> <!-- init -->
        <test-method signature="verifyWishlistToCart()[pri:0, instance:Testcases.WishlistTest@1a677343]" started-at="2026-06-12T14:41:21 IST" name="verifyWishlistToCart" finished-at="2026-06-12T14:41:27 IST" duration-ms="5081" status="PASS">
          <reporter-output>
          </reporter-output>
        </test-method> <!-- verifyWishlistToCart -->
        <test-method is-config="true" signature="close()[pri:0, instance:Testcases.WishlistTest@1a677343]" started-at="2026-06-12T14:41:27 IST" name="close" finished-at="2026-06-12T14:41:27 IST" duration-ms="176" status="PASS">
          <reporter-output>
          </reporter-output>
        </test-method> <!-- close -->
      </class> <!-- Testcases.WishlistTest -->
    </test> <!-- Selenium Tests -->
  </suite> <!-- Suite1 -->
</testng-results>
