<?xml version="1.0" encoding="UTF-8"?>
<!-- Generated by org.testng.reporters.JUnitXMLReporter -->
<testsuite ignored="0" hostname="b9deab078a0f5d7" failures="0" tests="3" name="Default test" time="28.763" errors="0" timestamp="2026-06-12T14:34:22 IST">
  <testcase classname="Testcases.CartTest" name="verifyAddToCart" time="6.365"/>
  <testcase classname="Testcases.CartTest" name="verifyQuantityNegativeValue" time="5.406"/>
  <testcase classname="Testcases.CartTest" name="verifyUpdateQuantity" time="4.094"/>
</testsuite> <!-- Default test -->
