<?xml version="1.0" encoding="UTF-8"?>
<!-- Generated by org.testng.reporters.JUnitReportReporter -->
<testsuite hostname="b9deab078a0f5d7" failures="0" tests="3" name="Testcases.CartTest" time="29.374" errors="0" timestamp="2026-06-12T14:41:27 IST" skipped="0">
  <testcase classname="Testcases.CartTest" name="verifyUpdateQuantity" time="8.704"/>
  <testcase classname="Testcases.CartTest" name="verifyAddToCart" time="11.811"/>
  <testcase classname="Testcases.CartTest" name="verifyQuantityNegativeValue" time="8.859"/>
</testsuite> <!-- Testcases.CartTest -->
